Vivado Simulator 2018.2
Copyright 1986-1999, 2001-2018 Xilinx, Inc. All Rights Reserved.
Running: C:/Xilinx/Vivado/2018.2/bin/unwrapped/win64.o/xelab.exe -wto 91b9267eb12847098834f19c071e9069 --incr --debug typical --relax --mt 2 -L xil_defaultlib -L secureip --snapshot rsa_core_tb_func_synth xil_defaultlib.rsa_core_tb -log elaborate.log 
Using 2 slave threads.
Starting static elaboration
Completed static elaboration
Starting simulation data flow analysis
Completed simulation data flow analysis
Time Resolution for simulation is 1ps
Compiling package std.standard
Compiling package std.textio
Compiling package ieee.std_logic_1164
Compiling package ieee.numeric_std
Compiling package synopsys.attributes
Compiling package ieee.std_logic_misc
Compiling architecture behavioral of entity xil_defaultlib.reg [reg_default]
Compiling architecture behavioral of entity xil_defaultlib.reg [\reg(reg_width=257)\]
Compiling architecture behavioral of entity xil_defaultlib.Montgomery_product [montgomery_product_default]
Compiling architecture behavioral of entity xil_defaultlib.MonPro_control_path [monpro_control_path_default]
Compiling architecture rtl of entity xil_defaultlib.MonPro [monpro_default]
Compiling architecture behavioral of entity xil_defaultlib.rsa_modexp [rsa_modexp_default]
Compiling architecture rtl of entity xil_defaultlib.rsa_core [rsa_core_default]
Compiling architecture behavioral of entity xil_defaultlib.rsa_core_tb
Built simulation snapshot rsa_core_tb_func_synth
